<?xml version="1.0" encoding="UTF-8"?>
<!-- Generated by org.testng.reporters.JUnitXMLReporter -->
<testsuite ignored="0" hostname="LAPTOP-6AJUMCDK" failures="1" tests="1" name="TestFour" time="15.12" errors="0" timestamp="2022-11-23T11:12:49 IST">
  <testcase classname="tests.FourTest" name="fourTest" time="14.724">
    <failure type="java.lang.AssertionError" message="expected [true] but found [false]">
      <![CDATA[java.lang.AssertionError: expected [true] but found [false]
at tests.FourTest.fourTest(FourTest.java:26)
at java.base/java.util.ArrayList.forEach(ArrayList.java:1511)
... Removed 31 stack frames]]>
    </failure>
  </testcase> <!-- fourTest -->
</testsuite> <!-- TestFour -->
